<?xml version="1.0" encoding="UTF-8"?>
<!-- Generated by org.testng.reporters.JUnitReportReporter -->
<testsuite skipped="0" hostname="DESKTOP-IC54V12" name="com.addition.testcases.AddingNumbersTest" tests="4" failures="0" timestamp="19 Aug 2018 17:52:27 GMT" time="0.031" errors="0">
  <testcase name="add2Numbers" time="0.016" classname="com.addition.testcases.AddingNumbersTest"/>
  <testcase name="add2NumbersTest3" time="0.000" classname="com.addition.testcases.AddingNumbersTest"/>
  <testcase name="add2NumbersTest7" time="0.015" classname="com.addition.testcases.AddingNumbersTest"/>
  <testcase name="add2NumbersTest8" time="0.000" classname="com.addition.testcases.AddingNumbersTest"/>
</testsuite> <!-- com.addition.testcases.AddingNumbersTest -->
