<?xml version="1.0" encoding="UTF-8"?>
<!-- Generated by org.testng.reporters.JUnitReportReporter -->
<testsuite skipped="0" hostname="DESKTOP-IC54V12" name="com.addition.testcases.AddingNumbersTest" tests="4" failures="0" timestamp="19 Aug 2018 17:19:51 GMT" time="0.017" errors="0">
  <testcase name="add2NumbersTest2" time="0.012" classname="com.addition.testcases.AddingNumbersTest"/>
  <testcase name="add2NumbersTest4" time="0.002" classname="com.addition.testcases.AddingNumbersTest"/>
  <testcase name="add2NumbersTest5" time="0.002" classname="com.addition.testcases.AddingNumbersTest"/>
  <testcase name="add2NumbersTest6" time="0.001" classname="com.addition.testcases.AddingNumbersTest"/>
</testsuite> <!-- com.addition.testcases.AddingNumbersTest -->
