<?xml version="1.0" encoding="UTF-8"?>
<!-- Generated by org.testng.reporters.JUnitReportReporter -->
<testsuite skipped="0" hostname="DESKTOP-IC54V12" name="com.helloworld.testcases.HelloWorldTest" tests="1" failures="0" timestamp="12 Aug 2018 01:33:00 GMT" time="0.014" errors="0">
  <testcase name="printHellowWorld" time="0.014" classname="com.helloworld.testcases.HelloWorldTest"/>
</testsuite> <!-- com.helloworld.testcases.HelloWorldTest -->
