<?xml version="1.0" encoding="UTF-8"?>
<!-- Generated by org.testng.reporters.JUnitReportReporter -->
<testsuite skipped="0" hostname="DESKTOP-IC54V12" name="com.addition.testcases.AddingNumbersTest" tests="1" failures="0" timestamp="12 Aug 2018 01:33:00 GMT" time="0.003" errors="0">
  <testcase name="add2Numbers" time="0.003" classname="com.addition.testcases.AddingNumbersTest"/>
</testsuite> <!-- com.addition.testcases.AddingNumbersTest -->
