<?xml version="1.0" encoding="UTF-8"?>
<!-- Generated by org.testng.reporters.JUnitReportReporter -->
<testsuite skipped="0" hostname="DESKTOP-IC54V12" name="com.addition.testcases.AddingNumbers" tests="1" failures="0" timestamp="12 Aug 2018 01:28:51 GMT" time="0.005" errors="0">
  <testcase name="add2Numbers" time="0.005" classname="com.addition.testcases.AddingNumbers"/>
</testsuite> <!-- com.addition.testcases.AddingNumbers -->
