<?xml version="1.0" encoding="UTF-8"?>
<!-- Generated by org.testng.reporters.JUnitReportReporter -->
<testsuite skipped="0" hostname="DESKTOP-IC54V12" name="com.freecrm.testcases.LoginPageTest" tests="2" failures="0" timestamp="12 Aug 2018 08:28:22 GMT" time="21.502" errors="0">
  <testcase name="loginPageTitleTest" time="5.564" classname="com.freecrm.testcases.LoginPageTest"/>
  <testcase name="loginTest" time="15.938" classname="com.freecrm.testcases.LoginPageTest"/>
</testsuite> <!-- com.freecrm.testcases.LoginPageTest -->
