<?xml version="1.0" encoding="UTF-8"?>
<!-- Generated by org.testng.reporters.JUnitReportReporter -->
<testsuite skipped="0" hostname="DESKTOP-IC54V12" name="com.helloworld.testcases.HelloWorld" tests="1" failures="0" timestamp="12 Aug 2018 01:28:51 GMT" time="0.017" errors="0">
  <testcase name="printHellowWorld" time="0.017" classname="com.helloworld.testcases.HelloWorld"/>
</testsuite> <!-- com.helloworld.testcases.HelloWorld -->
