<?xml version="1.0" encoding="UTF-8"?>
<!-- Generated by org.testng.reporters.JUnitReportReporter -->
<testsuite skipped="0" hostname="DESKTOP-IC54V12" name="com.freecrm.testcases.LoginPageTest" tests="2" failures="0" timestamp="12 Aug 2018 08:30:19 GMT" time="19.821" errors="0">
  <testcase name="loginPageTitleTest" time="4.681" classname="com.freecrm.testcases.LoginPageTest"/>
  <testcase name="loginTest" time="15.140" classname="com.freecrm.testcases.LoginPageTest"/>
</testsuite> <!-- com.freecrm.testcases.LoginPageTest -->
