<?xml version="1.0" encoding="UTF-8"?>
<!-- Generated by org.testng.reporters.JUnitReportReporter -->
<testsuite skipped="0" hostname="DESKTOP-IC54V12" name="com.helloworld.testcases.HelloWorld" tests="1" failures="0" timestamp="11 Aug 2018 20:50:48 GMT" time="0.012" errors="0">
  <testcase name="printHellowWorld" time="0.012" classname="com.helloworld.testcases.HelloWorld"/>
</testsuite> <!-- com.helloworld.testcases.HelloWorld -->
