<?xml version="1.0" encoding="UTF-8"?>
<!-- Generated by org.testng.reporters.JUnitReportReporter -->
<testsuite skipped="0" hostname="DESKTOP-IC54V12" name="com.freecrm.testcases.LoginPageTest" tests="2" failures="0" timestamp="11 Aug 2018 20:50:48 GMT" time="23.566" errors="0">
  <testcase name="loginPageTitleTest" time="5.978" classname="com.freecrm.testcases.LoginPageTest"/>
  <testcase name="loginTest" time="17.588" classname="com.freecrm.testcases.LoginPageTest"/>
</testsuite> <!-- com.freecrm.testcases.LoginPageTest -->
