<?xml version="1.0" encoding="UTF-8"?>
<!-- Generated by org.testng.reporters.JUnitReportReporter -->
<testsuite skipped="0" hostname="DESKTOP-IC54V12" name="com.freecrm.testcases.LoginPageTest" tests="2" failures="0" timestamp="11 Aug 2018 19:12:56 GMT" time="23.013" errors="0">
  <testcase name="loginPageTitleTest" time="5.775" classname="com.freecrm.testcases.LoginPageTest"/>
  <testcase name="loginTest" time="17.238" classname="com.freecrm.testcases.LoginPageTest"/>
</testsuite> <!-- com.freecrm.testcases.LoginPageTest -->
