<?xml version="1.0" encoding="UTF-8"?>
<!-- Generated by org.testng.reporters.JUnitReportReporter -->
<testsuite skipped="0" hostname="DESKTOP-IC54V12" name="com.freecrm.testcases.LoginPageTest" tests="2" failures="0" timestamp="12 Aug 2018 01:32:10 GMT" time="26.100" errors="0">
  <testcase name="loginPageTitleTest" time="5.948" classname="com.freecrm.testcases.LoginPageTest"/>
  <testcase name="loginTest" time="20.152" classname="com.freecrm.testcases.LoginPageTest"/>
</testsuite> <!-- com.freecrm.testcases.LoginPageTest -->
